<?xml version="1.0" encoding="UTF-8"?>
<!-- Generated by org.testng.reporters.JUnitReportReporter -->
<testsuite hostname="DESKTOP-0N88LAP" failures="0" tests="4" name="com.qa.testscript.TC_AmazonRegistration_002" time="71.811" errors="0" timestamp="2021-10-09T11:15:17 IST" skipped="0">
  <testcase classname="com.qa.testscript.TC_AmazonRegistration_002" name="newRegistration" time="17.485"/>
  <system-out>
User is landed on registration page  </system-out>
  <testcase classname="com.qa.testscript.TC_AmazonRegistration_002" name="newRegistration" time="20.231"/>
  <system-out>
User is landed on registration page  </system-out>
  <testcase classname="com.qa.testscript.TC_AmazonRegistration_002" name="newRegistration" time="16.867"/>
  <system-out>
User is landed on registration page  </system-out>
  <testcase classname="com.qa.testscript.TC_AmazonRegistration_002" name="newRegistration" time="17.228"/>
  <system-out>
User is landed on registration page  </system-out>
</testsuite> <!-- com.qa.testscript.TC_AmazonRegistration_002 -->
