<?xml version="1.0" encoding="UTF-8"?>
<!-- Generated by org.testng.reporters.JUnitReportReporter -->
<testsuite hostname="DESKTOP-0N88LAP" failures="0" tests="1" name="com.qa.testscript.WorkingwithDragandDrop" time="88.677" errors="0" timestamp="2021-09-19T11:48:18 IST" skipped="0">
  <testcase classname="com.qa.testscript.WorkingwithDragandDrop" name="dragandDrop" time="88.677"/>
  <system-out/>
</testsuite> <!-- com.qa.testscript.WorkingwithDragandDrop -->
