<?xml version="1.0" encoding="UTF-8"?>
<!-- Generated by org.testng.reporters.JUnitReportReporter -->
<testsuite hostname="DESKTOP-0N88LAP" failures="0" tests="1" name="com.qa.testscript.TC_RediffLogin_001" time="7.353" errors="0" timestamp="2021-10-09T12:50:42 IST" skipped="0">
  <testcase classname="com.qa.testscript.TC_RediffLogin_001" name="Login" time="7.353"/>
  <system-out>
User is on registration page The check box is selected  </system-out>
</testsuite> <!-- com.qa.testscript.TC_RediffLogin_001 -->
