<?xml version="1.0" encoding="UTF-8"?>
<!-- Generated by org.testng.reporters.JUnitReportReporter -->
<testsuite hostname="DESKTOP-0N88LAP" failures="0" tests="1" name="com.qa.grid.DemoSeleniumGRID" time="18.586" errors="0" timestamp="2021-10-10T11:30:37 IST" skipped="0">
  <testcase classname="com.qa.grid.DemoSeleniumGRID" name="DemoCode" time="18.586"/>
  <system-out/>
</testsuite> <!-- com.qa.grid.DemoSeleniumGRID -->
