<?xml version="1.0" encoding="UTF-8"?>
<!-- Generated by org.testng.reporters.JUnitReportReporter -->
<testsuite hostname="DESKTOP-0N88LAP" failures="0" tests="1" name="com.qa.testscript.WorkingwithBrokenLinks" time="81.872" errors="0" timestamp="2021-10-10T10:22:01 IST" skipped="0">
  <testcase classname="com.qa.testscript.WorkingwithBrokenLinks" name="brokenLinks" time="81.872"/>
  <system-out/>
</testsuite> <!-- com.qa.testscript.WorkingwithBrokenLinks -->
