<?xml version="1.0" encoding="UTF-8"?>
<!-- Generated by org.testng.reporters.JUnitReportReporter -->
<testsuite hostname="DESKTOP-0N88LAP" failures="0" tests="1" name="com.qa.testscript.WorkingWithMultipleWindows" time="89.766" errors="0" timestamp="2021-09-19T11:48:18 IST" skipped="0">
  <testcase classname="com.qa.testscript.WorkingWithMultipleWindows" name="multipleWindows" time="89.766"/>
  <system-out/>
</testsuite> <!-- com.qa.testscript.WorkingWithMultipleWindows -->
