<?xml version="1.0" encoding="UTF-8"?>
<!-- Generated by org.testng.reporters.JUnitReportReporter -->
<testsuite hostname="DESKTOP-0N88LAP" failures="0" tests="1" name="com.qa.testscript.TC_FlipKart" time="20.335" errors="0" timestamp="2021-10-17T10:47:51 IST" skipped="0">
  <testcase classname="com.qa.testscript.TC_FlipKart" name="Login" time="20.335"/>
  <system-out/>
</testsuite> <!-- com.qa.testscript.TC_FlipKart -->
